-0.31368 -0.00410528 0.282552 5442.16 5443.73 5444.3 
0.520488 0.991132 1.78447 5443.31 5444.74 5453.9 
2.68458 3.14312 7.45928 5444.67 5446.06 5486.45 
6.2697 6.72605 16.9325 5446.87 5448.25 5540.54 
11.2847 11.7405 30.1794 5449.93 5451.3 5615.8 
17.7293 18.1853 47.1802 5453.85 5455.22 5711.75 
25.6022 26.0586 67.9114 5458.63 5459.99 5827.81 
34.9009 35.358 92.345 5464.24 5465.61 5963.24 
45.6226 46.0805 120.449 5470.68 5472.04 6117.21 
57.7636 58.2223 152.187 5477.93 5479.3 6288.77 
71.3194 71.7791 187.521 5485.98 5487.34 6476.87 
86.2846 86.7454 226.405 5494.8 5496.16 6680.35 
102.653 103.115 268.795 5504.38 5505.74 6897.99 
120.416 120.88 314.64 5514.7 5516.06 7128.46 
139.567 140.032 363.887 5525.72 5527.09 7370.39 
160.094 160.56 416.481 5537.44 5538.81 7622.34 
181.986 182.454 472.361 5549.83 5551.19 7882.84 
205.23 205.699 531.467 5562.85 5564.21 8150.37 
229.811 230.281 593.733 5576.49 5577.85 8423.4 
255.712 256.183 659.091 5590.72 5592.07 8700.37 
282.913 283.386 727.471 5605.5 5606.86 8979.74 
311.395 311.869 798.796 5620.82 5622.17 9259.99 
341.134 341.61 872.991 5636.64 5638 9539.59 
372.104 372.581 949.975 5652.95 5654.3 9817.07 
404.277 404.756 1029.66 5669.7 5671.05 10091 
437.624 438.105 1111.97 5686.88 5688.23 10360 
472.112 472.594 1196.81 5704.46 5705.8 10622.7 
507.705 508.188 1284.07 5722.41 5723.75 10877.9 
544.366 544.85 1373.68 5740.71 5742.05 11124.4 
582.053 582.539 1465.52 5759.33 5760.67 11361.2 
620.725 621.212 1559.49 5778.25 5779.59 11587.2 
660.335 660.823 1655.49 5797.45 5798.78 11801.5 
700.837 701.326 1753.4 5816.9 5818.23 12003.3 
742.179 742.669 1853.1 5836.59 5837.92 12191.9 
784.309 784.801 1954.49 5856.49 5857.81 12366.7 
827.172 827.665 2057.42 5876.59 5877.91 12527.3 
870.713 871.207 2161.78 5896.86 5898.18 12673.1 
914.872 915.367 2267.44 5917.29 5918.61 12804.1 
959.588 960.085 2374.25 5937.87 5939.18 12919.8 
1004.8 1005.3 2482.09 5958.58 5959.89 13020.4 
1050.45 1050.95 2590.8 5979.4 5980.7 13105.8 
1096.46 1096.96 2700.25 6000.32 6001.62 13176.1 
1142.78 1143.28 2810.27 6021.33 6022.63 13231.6 
1189.34 1189.84 2920.71 6042.42 6043.71 13272.5 
1236.06 1236.57 3031.43 6063.57 6064.86 13299.2 
1282.9 1283.4 3142.25 6084.77 6086.05 13312.2 
1329.77 1330.27 3253.01 6106.02 6107.29 13312 
1376.61 1377.12 3363.54 6127.29 6128.56 13299.3 
1423.37 1423.87 3473.68 6148.58 6149.85 13274.5 
1469.96 1470.47 3583.25 6169.88 6171.15 13238.5 
1516.34 1516.85 3692.09 6191.18 6192.44 13192 
1562.44 1562.95 3800 6212.47 6213.72 13135.8 
1608.19 1608.71 3906.83 6233.73 6234.98 13070.5 
1653.55 1654.06 4012.4 6254.95 6256.2 12997.2 
1698.44 1698.96 4116.53 6276.12 6277.36 12916.6 
1742.83 1743.34 4219.05 6297.22 6298.46 12829.6 
1786.65 1787.17 4319.79 6318.25 6319.49 12736.9 
1829.86 1830.38 4418.58 6339.19 6340.42 12639.5 
1872.4 1872.93 4515.26 6360.01 6361.25 12538.2 
1914.25 1914.77 4609.67 6380.72 6381.95 12433.7 
1955.34 1955.87 4701.66 6401.28 6402.51 12327 
1995.66 1996.18 4791.08 6421.69 6422.91 12218.6 
2035.15 2035.67 4877.8 6441.92 6443.14 12109.4 
2073.78 2074.31 4961.69 6461.96 6463.18 12000.1 
2111.53 2112.06 5042.63 6481.78 6483 11891.3 
2148.37 2148.9 5120.52 6501.37 6502.58 11783.6 
2184.27 2184.8 5195.28 6520.7 6521.91 11677.5 
2219.21 2219.74 5266.81 6539.76 6540.97 11573.6 
2253.16 2253.7 5335.07 6558.51 6559.72 11472.3 
2286.13 2286.66 5400.01 6576.96 6578.16 11374.1 
2318.07 2318.61 5461.61 6595.06 6596.26 11279.3 
2348.99 2349.54 5519.84 6612.8 6614 11188.1 
2378.88 2379.42 5574.74 6630.15 6631.36 11100.9 
2407.72 2408.26 5626.32 6647.1 6648.31 11017.9 
2435.5 2436.05 5674.63 6663.63 6664.83 10939 
2462.23 2462.77 5719.74 6679.71 6680.91 10864.6 
2487.89 2488.44 5761.73 6695.32 6696.52 10794.5 
2512.49 2513.03 5800.69 6710.45 6711.65 10728.9 
2536.01 2536.56 5836.73 6725.07 6726.27 10667.7 
2558.47 2559.02 5869.98 6739.17 6740.37 10610.8 
2579.86 2580.41 5900.55 6752.73 6753.93 10558 
2600.18 2600.73 5928.59 6765.73 6766.93 10509.4 
2619.43 2619.98 5954.22 6778.15 6779.35 10464.7 
2637.62 2638.17 5977.6 6789.99 6791.19 10423.8 
2654.74 2655.29 5998.87 6801.22 6802.42 10386.5 
2670.8 2671.36 6018.14 6811.84 6813.03 10352.6 
2685.81 2686.36 6035.57 6821.82 6823.02 10322 
2699.76 2700.32 6051.26 6831.16 6832.36 10294.4 
2712.66 2713.22 6065.34 6839.86 6841.05 10269.6 
2724.51 2725.07 6077.92 6847.88 6849.08 10247.6 
2735.32 2735.88 6089.09 6855.24 6856.44 10228.1 
2745.08 2745.64 6098.95 6861.92 6863.12 10210.9 
2753.81 2754.37 6107.56 6867.91 6869.11 10196 
2761.5 2762.05 6115 6873.21 6874.41 10183.1 
2768.15 2768.71 6121.34 6877.81 6879.01 10172.2 
2773.77 2774.33 6126.61 6881.71 6882.91 10163.2 
2778.36 2778.92 6130.87 6884.9 6886.1 10155.9 
2781.92 2782.48 6134.13 6887.38 6888.58 10150.4 
2784.46 2785.02 6136.44 6889.15 6890.35 10146.4 
2785.96 2786.52 6137.81 6890.2 6891.4 10144.1 
2785.96 2786.52 6137.81 6890.2 6891.4 10144.1 
2786.3 2787.07 6137.28 6890.39 6891.19 10144.2 
2787.82 2789.23 6136.14 6890.89 6891.34 10143.5 
2790.51 2792.97 6134.38 6890.54 6893 10142.2 
2794.37 2798.29 6132.02 6890.11 6895.41 10140.3 
2799.4 2805.16 6129.03 6889.59 6898.55 10137.6 
2805.6 2813.56 6125.43 6888.99 6902.42 10134.3 
2812.95 2823.45 6121.21 6888.28 6907.03 10130.3 
2821.46 2834.8 6116.37 6887.46 6912.38 10125.6 
2831.12 2847.57 6110.91 6886.52 6918.45 10120.3 
2841.92 2861.7 6104.83 6885.45 6925.25 10114.2 
2853.86 2877.15 6098.12 6884.22 6932.78 10107.5 
2866.91 2893.85 6090.8 6882.82 6941.04 10100.1 
2881.08 2911.74 6082.86 6881.24 6950.02 10092 
2896.35 2930.77 6074.3 6879.44 6959.72 10083.2 
2912.7 2950.85 6065.14 6877.42 6970.14 10073.7 
2930.14 2971.91 6055.37 6875.14 6981.28 10063.5 
2948.63 2993.88 6045.02 6872.58 6993.13 10052.6 
2968.17 3016.67 6034.08 6869.72 7005.69 10041 
2988.75 3040.21 6022.58 6866.54 7018.96 10028.6 
3010.33 3064.41 6010.53 6862.99 7032.93 10015.6 
3032.91 3089.17 5997.94 6859.07 7047.6 10001.8 
3056.47 3114.41 5984.84 6854.74 7062.97 9987.36 
3080.98 3140.04 5971.26 6849.97 7079.03 9972.17 
3106.42 3165.97 5957.21 6844.75 7095.77 9956.25 
3132.77 3192.09 5942.73 6839.03 7113.2 9939.61 
3160.02 3218.31 5927.84 6832.81 7131.3 9922.25 
3188.12 3244.55 5912.59 6826.05 7150.08 9904.16 
3217.06 3270.69 5897 6818.74 7169.52 9885.36 
3246.81 3296.65 5881.13 6810.85 7189.62 9865.83 
3277.34 3322.32 5865.01 6802.36 7210.37 9845.59 
3308.63 3347.62 5848.68 6793.25 7231.77 9824.64 
3340.64 3372.44 5832.2 6783.52 7253.81 9802.98 
3373.35 3396.68 5815.61 6773.14 7276.48 9780.63 
3406.71 3420.27 5798.98 6762.1 7299.77 9757.59 
3440.71 3443.09 5782.34 6750.4 7323.67 9733.87 
3465.07 3475.3 5765.77 6738.03 7348.18 9709.48 
3486.11 3510.45 5749.31 6724.98 7373.29 9684.44 
3506.13 3546.13 5733.02 6711.26 7398.97 9658.76 
3525.04 3582.3 5716.96 6696.86 7425.24 9632.46 
3542.76 3618.93 5701.2 6681.79 7452.06 9605.57 
3559.23 3655.97 5685.79 6666.05 7479.44 9578.09 
3574.35 3693.4 5670.78 6649.66 7507.35 9550.06 
3588.08 3731.17 5656.23 6632.63 7535.78 9521.51 
3600.35 3769.25 5642.19 6614.96 7564.73 9492.45 
3611.1 3807.6 5628.71 6596.68 7594.17 9462.92 
3620.29 3846.18 5615.83 6577.81 7624.08 9432.95 
3627.88 3884.95 5603.59 6558.37 7654.46 9402.57 
3633.85 3923.88 5592.02 6538.39 7685.28 9371.82 
3638.16 3962.92 5581.14 6517.88 7716.53 9340.74 
3640.8 4002.05 5570.97 6496.9 7748.19 9309.37 
3641.78 4041.21 5561.51 6475.45 7780.23 9277.74 
3641.1 4080.37 5552.78 6453.59 7812.63 9245.9 
3638.77 4119.51 5544.76 6431.35 7845.38 9213.9 
3634.82 4158.57 5537.44 6408.77 7878.45 9181.76 
3629.29 4197.53 5530.78 6385.89 7911.82 9149.55 
3622.21 4236.34 5524.77 6362.75 7945.46 9117.31 
3613.63 4274.98 5519.35 6339.41 7979.35 9085.08 
3603.63 4313.42 5514.49 6315.9 8013.46 9052.91 
3592.25 4351.61 5510.13 6292.29 8047.76 9020.84 
3579.57 4389.53 5506.21 6268.62 8082.23 8988.93 
3565.66 4427.15 5502.67 6244.96 8116.84 8957.21 
3550.6 4464.44 5499.45 6221.34 8151.55 8925.73 
3534.47 4501.37 5496.46 6197.84 8186.34 8894.53 
3517.36 4537.91 5493.65 6174.52 8221.18 8863.66 
3499.35 4574.03 5490.93 6151.43 8256.03 8833.15 
3480.52 4609.72 5488.23 6128.64 8290.87 8803.05 
3460.97 4644.94 5485.47 6106.21 8325.67 8773.38 
3440.79 4679.68 5482.57 6084.21 8360.38 8744.19 
3420.04 4713.91 5479.45 6062.72 8394.98 8715.49 
3398.84 4747.62 5476.03 6041.8 8429.43 8687.33 
3377.25 4780.78 5472.23 6021.52 8463.7 8659.72 
3355.38 4813.38 5467.97 6001.96 8497.76 8632.68 
3333.29 4845.4 5463.18 5983.19 8531.58 8606.24 
3311.07 4876.83 5457.77 5965.29 8565.11 8580.42 
3288.81 4907.65 5451.68 5948.33 8555.19 8598.36 
3266.59 4937.85 5444.82 5932.39 8530.6 8631.24 
3244.48 4967.41 5437.14 5917.54 8506.64 8663.75 
3222.57 4996.34 5428.56 5903.84 8483.31 8695.86 
3200.93 5024.61 5419.04 5891.36 8460.61 8727.53 
3179.64 5052.21 5408.52 5880.15 8438.52 8758.73 
3158.78 5079.15 5396.97 5870.27 8417.03 8789.43 
3138.41 5105.41 5384.35 5861.76 8396.14 8819.62 
3118.62 5130.99 5370.64 5854.65 8375.81 8849.24 
3099.47 5155.88 5355.83 5848.97 8356.04 8878.29 
3081.03 5180.08 5339.93 5844.74 8336.78 8906.73 
3063.38 5203.58 5322.93 5841.96 8318.03 8934.54 
3046.58 5226.39 5304.86 5840.64 8299.74 8961.7 
3030.7 5248.48 5285.71 5840.78 8281.89 8988.18 
3015.8 5265.51 5269.89 5842.39 8264.43 9013.96 
3001.94 5244.32 5290.57 5845.46 8247.34 9039.02 
2989.19 5222.13 5310.55 5849.97 8230.58 9063.34 
2977.6 5198.97 5329.83 5855.92 8214.1 9086.9 
2967.23 5174.88 5348.4 5863.31 8197.87 9109.69 
2958.13 5149.88 5366.26 5872.11 8181.85 9131.7 
2950.36 5124.01 5383.41 5882.33 8166 9152.89 
2943.97 5097.3 5399.85 5893.94 8150.28 9173.28 
2938.99 5069.77 5415.59 5906.93 8134.66 9192.83 
2935.48 5041.48 5430.63 5921.28 8119.09 9211.55 
2933.47 5012.44 5444.96 5936.97 8103.55 9229.42 
2933.47 5012.44 5444.96 5936.97 8103.55 9229.42 
2936.95 5099.97 5402.35 5887.61 8150.48 9176.47 
2939.94 5186.02 5358.43 5837.78 8198.11 9122.3 
2942.4 5270.34 5313.2 5787.56 8246.73 9066.98 
2944.25 5266.65 5352.65 5737.05 8296.64 9010.54 
2945.45 5218.79 5432.65 5686.38 8348.22 8953.06 
2945.93 5169.63 5510.05 5635.63 8401.87 8894.59 
2945.63 5119.17 5584.53 5584.95 8458.01 8835.2 
2944.48 5067.42 5534.44 5655.74 8517.13 8774.96 
2942.39 5014.37 5484.24 5723.34 8579.71 8713.94 
2939.31 4960.03 5434.49 5786.98 8646.23 8652.24 
2935.14 4904.41 5385.31 5846.32 8589.87 8717.26 
2929.79 4847.52 5336.85 5901.03 8526.98 8793.21 
2923.19 4789.35 5289.27 5950.81 8463.64 8874.59 
2915.25 4729.93 5242.7 5995.37 8399.91 8961.8 
2905.87 4669.25 5197.29 6034.49 8335.91 9055.24 
2894.96 4607.32 5153.2 6067.98 8271.7 9155.2 
2882.44 4544.17 5110.58 6095.7 8207.38 9261.93 
2868.21 4479.79 5069.57 6117.57 8143.04 9375.59 
2852.2 4414.2 5030.3 6133.55 8078.76 9496.28 
2834.34 4347.43 4992.92 6143.65 8014.64 9624.01 
2814.55 4279.48 4957.54 6147.92 7950.75 9758.73 
2792.79 4210.39 4924.27 6146.42 7887.18 9900.31 
2769.02 4140.17 4893.2 6139.25 7824.02 10048.6 
2743.2 4068.85 4864.42 6126.53 7761.33 10203.2 
2715.32 3996.46 4837.99 6108.38 7699.2 10364.1 
2685.41 3923.05 4813.95 6084.92 7637.7 10530.6 
2653.46 3848.64 4792.33 6056.28 7576.88 10702.6 
2619.54 3773.28 4773.12 6022.58 7516.81 10879.4 
2583.68 3697.01 4756.31 5983.93 7457.54 11060.7 
2545.97 3619.9 4741.89 5940.45 7399.14 11245.8 
2506.49 3541.99 4729.79 5892.24 7341.63 11434.2 
2465.32 3463.34 4719.96 5839.41 7285.06 11625.2 
2422.58 3384.03 4712.34 5782.04 7229.46 11818.1 
2378.38 3304.11 4706.83 5720.25 7174.87 12012.3 
2332.82 3223.65 4703.35 5654.11 7121.29 12206.9 
2286.03 3142.74 4701.82 5583.72 7068.76 12401.1 
2238.12 3061.45 4702.12 5509.18 7017.27 12594.1 
2189.22 2979.86 4704.17 5430.57 6966.85 12785 
2139.43 2898.06 4707.87 5348.01 6917.48 12972.8 
2088.88 2816.13 4713.1 5261.59 6869.16 13156.6 
2037.68 2734.16 4719.79 5171.44 6821.9 13335.4 
1985.92 2652.24 4727.82 5077.66 6775.67 13508.2 
1933.71 2570.45 4737.1 4980.4 6730.47 13674 
1881.15 2488.89 4747.54 4879.8 6686.28 13831.7 
1828.33 2407.65 4759.05 4775.99 6643.08 13980.3 
1775.34 2326.82 4669.14 4771.55 6600.85 14118.9 
1722.26 2246.48 4559.41 4784.95 6559.57 14246.2 
1669.16 2166.73 4447 4799.16 6519.21 14361.5 
1616.13 2087.64 4332.08 4814.11 6479.76 14463.6 
1563.22 2009.31 4214.85 4829.72 6441.18 14551.7 
1510.52 1931.81 4095.53 4845.93 6403.45 14624.9 
1458.06 1855.22 3974.33 4862.66 6366.55 14682.2 
1405.93 1779.63 3851.47 4879.84 6330.46 14723 
1354.16 1705.09 3727.19 4897.41 6295.14 14746.5 
1302.82 1631.7 3601.72 4915.3 6260.59 14752.1 
1251.95 1559.5 3475.3 4933.46 6226.77 14739.2 
1201.6 1488.56 3348.19 4951.83 6193.68 14707.4 
1151.81 1418.95 3220.63 4970.35 6161.28 14656.2 
1102.63 1350.72 3092.87 4988.97 6129.57 14585.5 
1054.1 1283.91 2965.16 5007.64 6098.54 14495 
1006.25 1218.59 2837.76 5026.3 6068.16 14384.7 
959.132 1154.79 2710.92 5044.92 6038.43 14254.8 
912.776 1092.56 2584.88 5063.44 6009.34 14105.3 
867.218 1031.93 2459.89 5081.83 5980.89 13936.6 
822.493 972.934 2336.17 5100.03 5953.07 13749.3 
778.634 915.604 2213.97 5118.03 5925.87 13543.7 
735.676 859.965 2093.51 5135.77 5899.3 13320.7 
693.65 806.04 1975 5153.22 5873.36 13081.1 
652.587 753.848 1858.66 5170.36 5848.06 12825.7 
612.519 703.405 1744.68 5187.15 5823.39 12555.7 
573.476 654.724 1633.25 5203.55 5799.37 12272.3 
535.487 607.816 1524.55 5219.56 5776 11976.7 
498.583 562.687 1418.74 5235.13 5753.29 11670.3 
462.792 519.343 1315.99 5250.25 5731.26 11354.6 
428.142 477.786 1216.44 5264.89 5709.92 11031.2 
394.661 438.016 1120.23 5279.05 5689.27 10701.7 
362.376 400.032 1027.48 5292.69 5669.34 10367.8 
331.314 363.83 938.3 5305.8 5650.14 10031.3 
301.501 329.404 852.797 5318.37 5631.69 9694.08 
272.962 296.748 771.062 5330.39 5613.99 9357.88 
245.723 265.855 693.177 5341.84 5597.08 9024.61 
219.806 236.715 619.215 5352.71 5580.95 8696.14 
195.236 209.319 549.24 5362.99 5565.65 8374.34 
172.034 183.657 483.309 5372.68 5551.16 8061.07 
150.221 159.718 421.469 5381.77 5537.53 7758.14 
129.819 137.49 363.762 5390.25 5524.75 7467.34 
110.846 116.964 310.224 5398.12 5512.85 7190.39 
93.3198 98.1281 260.883 5405.37 5501.85 6928.92 
77.258 80.9716 215.767 5412 5491.75 6684.52 
62.676 65.4847 174.895 5418 5482.56 6458.64 
49.5878 51.6578 138.284 5423.38 5474.31 6252.67 
38.0057 39.4828 105.951 5428.13 5467.01 6067.85 
27.9401 28.9525 77.9056 5432.24 5460.65 5905.31 
19.398 20.0627 54.1594 5435.73 5455.26 5766.05 
12.3811 12.8138 34.7202 5438.57 5450.85 5650.92 
6.88639 7.21006 19.5951 5440.77 5447.41 5560.63 
2.92533 3.23973 8.79088 5442.3 5445 5495.75 
0.526454 0.862797 2.32354 5442.84 5443.89 5456.7 
-0.31368 -0.00410528 0.282552 5442.16 5443.73 5444.3 
-0.31368 -0.00410528 0.282552 5442.16 5443.73 5444.3 
0.216899 0.691879 1.55482 5442.13 5444.04 5452.84 
1.79452 2.28487 5.88074 5442.03 5443.95 5479.47 
4.42099 4.91396 13.1196 5441.87 5443.8 5523.74 
8.09562 8.58958 23.2618 5441.65 5443.57 5585.48 
12.8165 13.311 36.3103 5441.35 5443.27 5664.45 
18.581 19.0759 52.2704 5440.98 5442.9 5760.36 
25.3859 25.8812 71.1491 5440.53 5442.45 5872.84 
33.2273 33.7229 92.9545 5440 5441.92 6001.45 
42.1007 42.5968 117.696 5439.37 5441.29 6145.71 
52.0011 52.4976 145.383 5438.64 5440.56 6305.07 
62.9227 63.4198 176.029 5437.8 5439.72 6478.92 
74.8594 75.3571 209.644 5436.84 5438.76 6666.62 
87.804 88.3024 246.242 5435.76 5437.67 6867.45 
101.749 102.248 285.835 5434.53 5436.45 7080.67 
116.687 117.187 328.438 5433.16 5435.07 7305.47 
132.607 133.108 374.064 5431.63 5433.54 7541.01 
149.502 150.004 422.726 5429.92 5431.83 7786.44 
167.361 167.864 474.435 5428.02 5429.93 8040.85 
186.172 186.677 529.205 5425.93 5427.84 8303.31 
205.925 206.432 587.045 5423.62 5425.53 8572.86 
226.607 227.116 647.963 5421.09 5423 8848.54 
248.206 248.716 711.968 5418.33 5420.23 9129.36 
270.708 271.22 779.063 5415.3 5417.2 9414.33 
294.099 294.613 849.251 5412.02 5413.92 9702.45 
318.363 318.88 922.531 5408.45 5410.35 9992.72 
343.486 344.006 998.899 5404.6 5406.49 10284.1 
369.451 369.973 1078.35 5400.44 5402.33 10575.7 
396.241 396.766 1160.87 5395.96 5397.85 10866.5 
423.838 424.367 1246.44 5391.15 5393.04 11155.5 
452.223 452.756 1335.05 5386 5387.89 11441.8 
481.379 481.915 1426.68 5380.5 5382.38 11724.4 
511.284 511.825 1521.28 5374.64 5376.52 12002.6 
541.919 542.464 1618.84 5368.4 5370.28 12275.3 
573.261 573.811 1719.31 5361.78 5363.65 12541.9 
605.29 605.844 1822.64 5354.77 5356.64 12801.4 
637.982 638.541 1928.79 5347.36 5349.22 13053.2 
671.314 671.878 2037.71 5339.54 5341.4 13296.6 
705.262 705.832 2149.32 5331.31 5333.17 13530.9 
739.801 740.377 2263.58 5322.66 5324.52 13755.4 
774.906 775.488 2380.39 5313.59 5315.44 13969.7 
810.551 811.14 2499.69 5304.09 5305.94 14173.2 
846.709 847.305 2621.39 5294.17 5296.01 14365.4 
883.354 883.956 2745.4 5283.81 5285.65 14546 
920.456 921.065 2871.63 5273.02 5274.87 14714.5 
957.988 958.604 2999.97 5261.81 5263.65 14870.7 
995.92 996.544 3130.33 5250.17 5252 15014.4 
1034.22 1034.86 3262.6 5238.1 5239.93 15145.2 
1072.87 1073.51 3396.66 5225.61 5227.44 15263.2 
1111.82 1112.47 3532.39 5212.71 5214.53 15368.1 
1151.05 1151.71 3669.67 5199.39 5201.21 15460 
1190.53 1191.2 3808.38 5185.68 5187.49 15538.9 
1230.22 1230.9 3948.4 5171.57 5173.38 15604.7 
1270.1 1270.78 4089.58 5157.08 5158.88 15657.7 
1310.12 1310.82 4231.8 5142.21 5144.01 15697.9 
1350.26 1350.96 4374.94 5126.98 5128.77 15725.7 
1390.48 1391.19 4518.84 5111.4 5113.19 15741.1 
1430.75 1431.47 4663.39 5095.49 5097.27 15744.4 
1471.02 1471.75 4808.44 5079.25 5081.03 15736.1 
1511.27 1512.02 4953.88 5062.71 5064.49 15716.4 
1551.46 1552.22 5045.89 5047.66 5099.56 15685.7 
1591.56 1592.32 5028.79 5030.56 5245.36 15644.3 
1631.52 1632.29 5011.45 5013.21 5391.16 15592.8 
1671.31 1672.1 4993.88 4995.63 5536.84 15531.6 
1710.89 1711.69 4976.09 4977.84 5682.28 15461.1 
1750.23 1751.03 4958.13 4959.87 5827.37 15381.8 
1789.28 1790.09 4940 4941.73 5972.01 15294.3 
1828 1828.83 4921.74 4923.46 6116.1 15198.9 
1866.36 1867.2 4903.36 4905.08 6259.56 15096.3 
1904.32 1905.16 4884.91 4886.62 6402.29 14987 
1941.82 1942.68 4866.4 4868.1 6544.22 14871.5 
1978.84 1979.71 4847.86 4849.56 6685.29 14750.3 
2015.33 2016.2 4829.34 4831.03 6825.45 14623.9 
2051.23 2052.12 4810.85 4812.53 6964.63 14492.8 
2086.52 2087.42 4792.44 4794.11 7102.82 14357.6 
2121.14 2122.05 4774.13 4775.8 7239.97 14218.7 
2155.04 2155.96 4755.98 4757.64 7376.07 14076.6 
2188.18 2189.11 4738.01 4739.67 7511.11 13931.8 
2220.51 2221.45 4720.27 4721.92 7645.1 13784.7 
2251.97 2252.92 4702.8 4704.45 7778.05 13635.8 
2282.52 2283.48 4685.65 4687.28 7909.98 13485.4 
2312.1 2313.07 4668.85 4670.48 8040.92 13334 
2340.66 2341.63 4652.47 4654.09 8170.9 13182 
2368.13 2369.11 4636.54 4638.16 8299.98 13029.6 
2394.47 2395.46 4621.12 4622.73 8428.2 12877.3 
2419.61 2420.61 4606.26 4607.86 8555.62 12725.3 
2443.5 2444.5 4592.01 4593.61 8682.28 12574 
2466.07 2467.08 4578.44 4580.03 8808.23 12423.5 
2487.28 2488.29 4565.58 4567.17 8933.52 12274.3 
2507.05 2508.07 4553.51 4555.09 9058.16 12126.5 
2525.33 2526.36 4542.26 4543.84 9182.14 11980.5 
2542.07 2543.1 4531.9 4533.47 9305.4 11836.5 
2557.2 2558.24 4522.47 4524.04 9427.79 11695 
2570.69 2571.73 4514.03 4515.59 9549.03 11556.4 
2582.47 2583.52 4506.62 4508.18 9668.6 11421.5 
2592.52 2593.57 4500.28 4501.83 9785.55 11291.2 
2600.78 2601.83 4495.04 4496.6 9898.15 11167.6 
2607.22 2608.28 4490.95 4492.5 10003.1 11053.9 
2611.83 2612.88 4488.01 4489.57 10094.1 10956.7 
2614.57 2615.63 4486.26 4487.81 10159.4 10887.6 
